<?xml version="1.0" encoding="UTF-8"?>
<!-- Generated by org.testng.reporters.JUnitReportReporter -->
<testsuite hostname="Kataria" failures="0" tests="1" name="Selenium_Test" time="19.513" errors="0" timestamp="2021-07-29T00:03:09 AEST" skipped="0">
  <testcase classname="Selenium_Test" name="Test1" time="19.513"/>
  <system-out/>
</testsuite> <!-- Selenium_Test -->
